<?xml version="1.0" encoding="UTF-8"?>
<testsuites name="WeAreDevelopers2022 jest-junit" tests="4" failures="2" errors="0" time="2.061">
  <testsuite name="should replace a lowercase/uppercase sequence with a separater" errors="0" failures="2" skipped="0" timestamp="2022-05-30T05:08:04" time="1.999" tests="4">
    <testcase classname="should replace a lowercase/uppercase sequence with a separater positive cases" name="should replace a lowercase/uppercase sequence with a separater positive cases" time="0.017">
      <failure>Error: expect(received).toEqual(expected) // deep equality

Expected: &quot;Lorem Ipsum&quot;
Received: &quot;LoremIpsum&quot;
    at Object.&lt;anonymous&gt; (/Users/janhenrikhempel/SvF/kirche-mv-kalender/src/utils/fixMissingSpaces.test.ts:5:44)
    at Promise.then.completed (/Users/janhenrikhempel/SvF/kirche-mv-kalender/node_modules/jest-circus/build/utils.js:333:28)
    at new Promise (&lt;anonymous&gt;)
    at callAsyncCircusFn (/Users/janhenrikhempel/SvF/kirche-mv-kalender/node_modules/jest-circus/build/utils.js:259:10)
    at _callCircusTest (/Users/janhenrikhempel/SvF/kirche-mv-kalender/node_modules/jest-circus/build/run.js:276:40)
    at processTicksAndRejections (node:internal/process/task_queues:96:5)
    at _runTest (/Users/janhenrikhempel/SvF/kirche-mv-kalender/node_modules/jest-circus/build/run.js:208:3)
    at _runTestsForDescribeBlock (/Users/janhenrikhempel/SvF/kirche-mv-kalender/node_modules/jest-circus/build/run.js:96:9)
    at _runTestsForDescribeBlock (/Users/janhenrikhempel/SvF/kirche-mv-kalender/node_modules/jest-circus/build/run.js:90:9)
    at run (/Users/janhenrikhempel/SvF/kirche-mv-kalender/node_modules/jest-circus/build/run.js:31:3)</failure>
    </testcase>
    <testcase classname="should replace a lowercase/uppercase sequence with a separater Umlaute" name="should replace a lowercase/uppercase sequence with a separater Umlaute" time="0.003">
      <failure>Error: expect(received).toEqual(expected) // deep equality

Expected: &quot;Lorem Äpsum&quot;
Received: &quot;LoremÄ psum&quot;
    at Object.&lt;anonymous&gt; (/Users/janhenrikhempel/SvF/kirche-mv-kalender/src/utils/fixMissingSpaces.test.ts:8:44)
    at Promise.then.completed (/Users/janhenrikhempel/SvF/kirche-mv-kalender/node_modules/jest-circus/build/utils.js:333:28)
    at new Promise (&lt;anonymous&gt;)
    at callAsyncCircusFn (/Users/janhenrikhempel/SvF/kirche-mv-kalender/node_modules/jest-circus/build/utils.js:259:10)
    at _callCircusTest (/Users/janhenrikhempel/SvF/kirche-mv-kalender/node_modules/jest-circus/build/run.js:276:40)
    at processTicksAndRejections (node:internal/process/task_queues:96:5)
    at _runTest (/Users/janhenrikhempel/SvF/kirche-mv-kalender/node_modules/jest-circus/build/run.js:208:3)
    at _runTestsForDescribeBlock (/Users/janhenrikhempel/SvF/kirche-mv-kalender/node_modules/jest-circus/build/run.js:96:9)
    at _runTestsForDescribeBlock (/Users/janhenrikhempel/SvF/kirche-mv-kalender/node_modules/jest-circus/build/run.js:90:9)
    at run (/Users/janhenrikhempel/SvF/kirche-mv-kalender/node_modules/jest-circus/build/run.js:31:3)</failure>
    </testcase>
    <testcase classname="should replace a lowercase/uppercase sequence with a separater non matching cases" name="should replace a lowercase/uppercase sequence with a separater non matching cases" time="0.001">
    </testcase>
    <testcase classname="should replace a lowercase/uppercase sequence with a separater edge cases" name="should replace a lowercase/uppercase sequence with a separater edge cases" time="0.002">
    </testcase>
  </testsuite>
</testsuites>